<?xml version="1.0" encoding="UTF-8"?>
<testng-results ignored="0" total="3" passed="3" failed="0" skipped="0">
  <reporter-output>
  </reporter-output>
  <suite started-at="2024-09-24T00:10:50 IST" name="Default suite" finished-at="2024-09-24T00:10:54 IST" duration-ms="4602">
    <groups>
    </groups>
    <test started-at="2024-09-24T00:10:50 IST" name="Default test" finished-at="2024-09-24T00:10:54 IST" duration-ms="4602">
      <class name="com.demo.Library">
        <test-method signature="AddBook(java.lang.String,java.lang.String)[pri:0, instance:com.demo.Library@5e600dd5]" started-at="2024-09-24T00:10:50 IST" name="AddBook" data-provider="BooksData" finished-at="2024-09-24T00:10:54 IST" duration-ms="4214" status="PASS">
          <params>
            <param index="0">
              <value>
                <![CDATA[bni]]>
              </value>
            </param>
            <param index="1">
              <value>
                <![CDATA[665]]>
              </value>
            </param>
          </params>
          <reporter-output>
          </reporter-output>
        </test-method> <!-- AddBook -->
        <test-method signature="AddBook(java.lang.String,java.lang.String)[pri:0, instance:com.demo.Library@5e600dd5]" started-at="2024-09-24T00:10:54 IST" name="AddBook" data-provider="BooksData" finished-at="2024-09-24T00:10:54 IST" duration-ms="142" status="PASS">
          <params>
            <param index="0">
              <value>
                <![CDATA[oiu]]>
              </value>
            </param>
            <param index="1">
              <value>
                <![CDATA[375]]>
              </value>
            </param>
          </params>
          <reporter-output>
          </reporter-output>
        </test-method> <!-- AddBook -->
        <test-method signature="AddBook(java.lang.String,java.lang.String)[pri:0, instance:com.demo.Library@5e600dd5]" started-at="2024-09-24T00:10:54 IST" name="AddBook" data-provider="BooksData" finished-at="2024-09-24T00:10:54 IST" duration-ms="152" status="PASS">
          <params>
            <param index="0">
              <value>
                <![CDATA[oyu]]>
              </value>
            </param>
            <param index="1">
              <value>
                <![CDATA[736]]>
              </value>
            </param>
          </params>
          <reporter-output>
          </reporter-output>
        </test-method> <!-- AddBook -->
      </class> <!-- com.demo.Library -->
    </test> <!-- Default test -->
  </suite> <!-- Default suite -->
</testng-results>
